<?xml version="1.0" encoding="UTF-8"?>
<testsuite xmlns:xsi="http://www.w3.org/2001/XMLSchema-instance" xsi:noNamespaceSchemaLocation="https://maven.apache.org/surefire/maven-failsafe-plugin/xsd/failsafe-test-report.xsd" version="3.0.2" name="com.umurinan.dbbook.Chapter27IT" time="18.683" tests="6" errors="0" skipped="0" failures="0">
  <properties>
[...]
</properties>
  <testcase name="randomPageCostAffectsPlan" classname="com.umurinan.dbbook.Chapter27IT" time="3.315"/>
  <testcase name="parallelQueryWorkers" classname="com.umurinan.dbbook.Chapter27IT" time="4.364"/>
  <testcase name="checkpointSettingsAccessible" classname="com.umurinan.dbbook.Chapter27IT" time="0.033"/>
  <testcase name="seedLoads" classname="com.umurinan.dbbook.Chapter27IT" time="4.231"/>
  <testcase name="tuningGucsAccessible" classname="com.umurinan.dbbook.Chapter27IT" time="0.041"/>
  <testcase name="pgBuffercacheExtensionLoads" classname="com.umurinan.dbbook.Chapter27IT" time="4.437"/>
</testsuite>