<?xml version="1.0" encoding="UTF-8"?>
<testsuite xmlns:xsi="http://www.w3.org/2001/XMLSchema-instance" xsi:noNamespaceSchemaLocation="https://maven.apache.org/surefire/maven-surefire-plugin/xsd/surefire-test-report.xsd" version="3.0.2" name="com.umurinan.dbbook.Chapter08IT" time="0.004" tests="1" errors="1" skipped="0" failures="0">
  <properties>
[...]
</properties>
  <testcase name="" classname="com.umurinan.dbbook.Chapter08IT" time="0.004">
    <error message="Container startup failed for image testcontainers/ryuk:0.11.0" type="org.testcontainers.containers.ContainerLaunchException"><![CDATA[org.testcontainers.containers.ContainerLaunchException: Container startup failed for image testcontainers/ryuk:0.11.0
	at org.testcontainers.containers.GenericContainer.doStart(GenericContainer.java:351)
	at org.testcontainers.containers.GenericContainer.start(GenericContainer.java:322)
	at org.testcontainers.utility.RyukResourceReaper.maybeStart(RyukResourceReaper.java:78)
	at org.testcontainers.utility.RyukResourceReaper.init(RyukResourceReaper.java:42)
	at org.testcontainers.DockerClientFactory.client(DockerClientFactory.java:245)
	at org.testcontainers.DockerClientFactory$1.getDockerClient(DockerClientFactory.java:108)
	at com.github.dockerjava.api.DockerClientDelegate.authConfig(DockerClientDelegate.java:109)
	at org.testcontainers.containers.GenericContainer.start(GenericContainer.java:321)
	at org.testcontainers.junit.jupiter.TestcontainersExtension$StoreAdapter.start(TestcontainersExtension.java:276)
	at org.testcontainers.junit.jupiter.TestcontainersExtension$StoreAdapter.access$200(TestcontainersExtension.java:263)
	at org.testcontainers.junit.jupiter.TestcontainersExtension.lambda$startContainers$4(TestcontainersExtension.java:83)
	at org.testcontainers.junit.jupiter.TestcontainersExtension.lambda$startContainers$5(TestcontainersExtension.java:83)
	at java.base/java.util.ArrayList.forEach(ArrayList.java:1596)
	at org.testcontainers.junit.jupiter.TestcontainersExtension.startContainers(TestcontainersExtension.java:83)
	at org.testcontainers.junit.jupiter.TestcontainersExtension.beforeAll(TestcontainersExtension.java:57)
	at java.base/java.util.ArrayList.forEach(ArrayList.java:1596)
Caused by: org.rnorth.ducttape.RetryCountExceededException: Retry limit hit with exception
	at org.rnorth.ducttape.unreliables.Unreliables.retryUntilSuccess(Unreliables.java:88)
	at org.testcontainers.containers.GenericContainer.doStart(GenericContainer.java:336)
	... 15 more
Caused by: org.testcontainers.containers.ContainerLaunchException: Could not create/start container
	at org.testcontainers.containers.GenericContainer.tryStart(GenericContainer.java:556)
	at org.testcontainers.containers.GenericContainer.lambda$doStart$0(GenericContainer.java:346)
	at org.rnorth.ducttape.unreliables.Unreliables.retryUntilSuccess(Unreliables.java:81)
	... 16 more
Caused by: com.github.dockerjava.api.exception.InternalServerErrorException: Status 500: {"message":"error while creating mount source path '/Users/umurinan/Library/Containers/com.docker.docker/Data/docker.raw.sock': mkdir /Users/umurinan/Library/Containers/com.docker.docker/Data/docker.raw.sock: operation not supported"}

	at org.testcontainers.shaded.com.github.dockerjava.core.DefaultInvocationBuilder.execute(DefaultInvocationBuilder.java:247)
	at org.testcontainers.shaded.com.github.dockerjava.core.DefaultInvocationBuilder.post(DefaultInvocationBuilder.java:102)
	at org.testcontainers.shaded.com.github.dockerjava.core.exec.StartContainerCmdExec.execute(StartContainerCmdExec.java:31)
	at org.testcontainers.shaded.com.github.dockerjava.core.exec.StartContainerCmdExec.execute(StartContainerCmdExec.java:13)
	at org.testcontainers.shaded.com.github.dockerjava.core.exec.AbstrSyncDockerCmdExec.exec(AbstrSyncDockerCmdExec.java:21)
	at org.testcontainers.shaded.com.github.dockerjava.core.command.AbstrDockerCmd.exec(AbstrDockerCmd.java:33)
	at org.testcontainers.shaded.com.github.dockerjava.core.command.StartContainerCmdImpl.exec(StartContainerCmdImpl.java:42)
	at org.testcontainers.containers.GenericContainer.tryStart(GenericContainer.java:444)
	... 18 more
]]></error>
  </testcase>
</testsuite>